0 info it worked if it ends with ok
1 verbose cli [ 'F:\\node\\node.exe',
1 verbose cli   'F:\\node\\node_modules\\npm\\bin\\npm-cli.js',
1 verbose cli   'run',
1 verbose cli   'dev' ]
2 info using npm@3.10.10
3 info using node@v6.10.1
4 verbose run-script [ 'predev', 'dev', 'postdev' ]
5 info lifecycle project-structure@1.0.0~predev: project-structure@1.0.0
6 silly lifecycle project-structure@1.0.0~predev: no script for predev, continuing
7 info lifecycle project-structure@1.0.0~dev: project-structure@1.0.0
8 verbose lifecycle project-structure@1.0.0~dev: unsafe-perm in lifecycle true
9 verbose lifecycle project-structure@1.0.0~dev: PATH: F:\node\node_modules\npm\bin\node-gyp-bin;F:\workspaceWeb\project-structure\node_modules\.bin;F:\python2.7\;F:\python2.7\Scripts;C:\Program Files\Docker\Docker\Resources\bin;F:\python3.5\Scripts\;F:\python3.5\;C:\WINDOWS;C:\WINDOWS\System32\Wbem;C:\WINDOWS\System32\WindowsPowerShell\v1.0\;F:\JDK\jdk1.8\bin;F:\JDK\jdk1.8\jre\bin;C:\Program Files (x86)\MySQL\MySQL Fabric 1.5 & MySQL Utilities 1.5\;C:\Program Files (x86)\MySQL\MySQL Fabric 1.5 & MySQL Utilities 1.5\Doctrine extensions for PHP\;C:\WINDOWS\system32\config\systemprofile\.dnx\bin;C:\Program Files\Microsoft DNX\Dnvm\;F:\Git\cmd;F:\EmEditor;F:\svn\bin;F:\node\node_global\;F:\Dev-Cpp;F:\maven\apache-maven-3.3.9\bin;F:\Mysql\bin;C:\Windows\System32;F:\node\;C:\Users\xiii_\AppData\Local\atom\bin;C:\Users\xiii_\AppData\Local\Microsoft\WindowsApps;F:\Microsoft VS Code\bin;C:\Users\xiii_\AppData\Roaming\npm
10 verbose lifecycle project-structure@1.0.0~dev: CWD: F:\workspaceWeb\project-structure
11 silly lifecycle project-structure@1.0.0~dev: Args: [ '/d /s /c',
11 silly lifecycle   'opener http://localhost:9000/ && webpack-dev-server --config webpack/dev.js --host 0.0.0.0 --colors --progress --watch' ]
12 silly lifecycle project-structure@1.0.0~dev: Returned: code: 1  signal: null
13 info lifecycle project-structure@1.0.0~dev: Failed to exec dev script
14 verbose stack Error: project-structure@1.0.0 dev: `opener http://localhost:9000/ && webpack-dev-server --config webpack/dev.js --host 0.0.0.0 --colors --progress --watch`
14 verbose stack Exit status 1
14 verbose stack     at EventEmitter.<anonymous> (F:\node\node_modules\npm\lib\utils\lifecycle.js:255:16)
14 verbose stack     at emitTwo (events.js:106:13)
14 verbose stack     at EventEmitter.emit (events.js:191:7)
14 verbose stack     at ChildProcess.<anonymous> (F:\node\node_modules\npm\lib\utils\spawn.js:40:14)
14 verbose stack     at emitTwo (events.js:106:13)
14 verbose stack     at ChildProcess.emit (events.js:191:7)
14 verbose stack     at maybeClose (internal/child_process.js:886:16)
14 verbose stack     at Process.ChildProcess._handle.onexit (internal/child_process.js:226:5)
15 verbose pkgid project-structure@1.0.0
16 verbose cwd F:\workspaceWeb\project-structure
17 error Windows_NT 10.0.14393
18 error argv "F:\\node\\node.exe" "F:\\node\\node_modules\\npm\\bin\\npm-cli.js" "run" "dev"
19 error node v6.10.1
20 error npm  v3.10.10
21 error code ELIFECYCLE
22 error project-structure@1.0.0 dev: `opener http://localhost:9000/ && webpack-dev-server --config webpack/dev.js --host 0.0.0.0 --colors --progress --watch`
22 error Exit status 1
23 error Failed at the project-structure@1.0.0 dev script 'opener http://localhost:9000/ && webpack-dev-server --config webpack/dev.js --host 0.0.0.0 --colors --progress --watch'.
23 error Make sure you have the latest version of node.js and npm installed.
23 error If you do, this is most likely a problem with the project-structure package,
23 error not with npm itself.
23 error Tell the author that this fails on your system:
23 error     opener http://localhost:9000/ && webpack-dev-server --config webpack/dev.js --host 0.0.0.0 --colors --progress --watch
23 error You can get information on how to open an issue for this project with:
23 error     npm bugs project-structure
23 error Or if that isn't available, you can get their info via:
23 error     npm owner ls project-structure
23 error There is likely additional logging output above.
24 verbose exit [ 1, true ]
